Looking for git in: git
Using git 2.31.1 from git
> git rev-parse --git-dir
Open repository: /home/marcos/core/Entrega5_BBDD
> git status -z -u
> git symbolic-ref --short HEAD
> git for-each-ref --format=%(refname)%00%(upstream:short)%00%(upstream:track)%00%(objectname) refs/heads/main refs/remotes/main
> git for-each-ref --sort -committerdate --format %(refname) %(objectname) %(*objectname)
> git remote --verbose
> git config --get commit.template
> git show --textconv :cmds_quiz.js
> git show --textconv :cmds_user.js
> git ls-files --stage -- /home/marcos/core/Entrega5_BBDD/cmds_quiz.js
> git ls-files --stage -- /home/marcos/core/Entrega5_BBDD/cmds_user.js
> git cat-file -s 31decf61e68f6b32958ec9a7fce7f68251561ad2
> git cat-file -s 3f0fec7eb2e2209ce81024c85a8bfe48554cf7c8
> git check-ignore -v -z --stdin
> git log --format=%H%n%aN%n%aE%n%at%n%ct%n%P%n%B -z -n21 -- /home/marcos/core/Entrega5_BBDD/cmds_quiz.js
> git show --textconv :model.js
> git ls-files --stage -- /home/marcos/core/Entrega5_BBDD/model.js
> git cat-file -s afbc7d12d2bc25144718dd29bd03ec5dc4b9a6d5
