Looking for git in: git
Using git 2.31.1 from git
> git rev-parse --git-dir
Open repository: /home/marcos/core/Entrega5_BBDD
> git status -z -u
> git symbolic-ref --short HEAD
> git for-each-ref --format=%(refname)%00%(upstream:short)%00%(upstream:track)%00%(objectname) refs/heads/master refs/remotes/master
> git for-each-ref --sort -committerdate --format %(refname) %(objectname) %(*objectname)
> git remote --verbose
Warning: Failed to watch ref '/home/marcos/core/Entrega5_BBDD/.git/refs/remotes/origin/master', is most likely packed.
> git config --get commit.template
> git check-ignore -v -z --stdin
> git show --textconv :cmds_quiz.js
> git ls-files --stage -- /home/marcos/core/Entrega5_BBDD/cmds_quiz.js
> git cat-file -s 718de29a944b6060c265098c82525b072175258b
> git show --textconv :cmds_quiz.js
> git ls-files --stage -- /home/marcos/core/Entrega5_BBDD/cmds_quiz.js
> git cat-file -s 718de29a944b6060c265098c82525b072175258b
> git show --textconv :main.js
> git ls-files --stage -- /home/marcos/core/Entrega5_BBDD/main.js
> git cat-file -s d8da73f790271a0a946f78f1341e33aefc5bc569
> git show --textconv :cmds_quiz.js
> git ls-files --stage -- /home/marcos/core/Entrega5_BBDD/cmds_quiz.js
> git cat-file -s 718de29a944b6060c265098c82525b072175258b
> git show --textconv :cmds_quiz.js
> git ls-files --stage -- /home/marcos/core/Entrega5_BBDD/cmds_quiz.js
> git cat-file -s 718de29a944b6060c265098c82525b072175258b
> git show --textconv :model.js
> git ls-files --stage -- /home/marcos/core/Entrega5_BBDD/model.js
> git cat-file -s b24ca46aac64174ada4ef79c10c373e6cdf37b90
> git show --textconv :cmds_quiz.js
> git ls-files --stage -- /home/marcos/core/Entrega5_BBDD/cmds_quiz.js
> git cat-file -s 718de29a944b6060c265098c82525b072175258b
> git status -z -u
> git symbolic-ref --short HEAD
> git for-each-ref --format=%(refname)%00%(upstream:short)%00%(upstream:track)%00%(objectname) refs/heads/master refs/remotes/master
> git for-each-ref --sort -committerdate --format %(refname) %(objectname) %(*objectname)
> git remote --verbose
Warning: Failed to watch ref '/home/marcos/core/Entrega5_BBDD/.git/refs/remotes/origin/master', is most likely packed.
> git config --get commit.template
> git show --textconv :main.js
> git ls-files --stage -- /home/marcos/core/Entrega5_BBDD/main.js
> git cat-file -s d8da73f790271a0a946f78f1341e33aefc5bc569
> git show --textconv :cmds_quiz.js
> git ls-files --stage -- /home/marcos/core/Entrega5_BBDD/cmds_quiz.js
> git cat-file -s 718de29a944b6060c265098c82525b072175258b
> git log --format=%H%n%aN%n%aE%n%at%n%ct%n%P%n%B -z -n21 -- /home/marcos/core/Entrega5_BBDD/cmds_quiz.js
> git show --textconv :README.md
> git ls-files --stage -- /home/marcos/core/Entrega5_BBDD/README.md
> git cat-file -s b85d1db52717d7f4b2ff740adfe8fd1171e92ce8
> git show --textconv :package.json
> git ls-files --stage -- /home/marcos/core/Entrega5_BBDD/package.json
> git cat-file -s be9803081a7724694eaa453911dcb9ba7977c990
> git show --textconv :cmds_quiz.js
> git ls-files --stage -- /home/marcos/core/Entrega5_BBDD/cmds_quiz.js
> git cat-file -s 718de29a944b6060c265098c82525b072175258b
> git show --textconv :package.json
> git ls-files --stage -- /home/marcos/core/Entrega5_BBDD/package.json
> git cat-file -s be9803081a7724694eaa453911dcb9ba7977c990
> git show --textconv :cmds_quiz.js
> git ls-files --stage -- /home/marcos/core/Entrega5_BBDD/cmds_quiz.js
> git cat-file -s 718de29a944b6060c265098c82525b072175258b
> git status -z -u
> git symbolic-ref --short HEAD
> git for-each-ref --format=%(refname)%00%(upstream:short)%00%(upstream:track)%00%(objectname) refs/heads/master refs/remotes/master
> git for-each-ref --sort -committerdate --format %(refname) %(objectname) %(*objectname)
> git remote --verbose
Warning: Failed to watch ref '/home/marcos/core/Entrega5_BBDD/.git/refs/remotes/origin/master', is most likely packed.
> git config --get commit.template
> git show --textconv :package.json
> git ls-files --stage -- /home/marcos/core/Entrega5_BBDD/package.json
> git cat-file -s be9803081a7724694eaa453911dcb9ba7977c990
> git show --textconv :cmds_quiz.js
> git ls-files --stage -- /home/marcos/core/Entrega5_BBDD/cmds_quiz.js
> git cat-file -s 718de29a944b6060c265098c82525b072175258b
> git show --textconv :package.json
> git ls-files --stage -- /home/marcos/core/Entrega5_BBDD/package.json
> git cat-file -s be9803081a7724694eaa453911dcb9ba7977c990
> git show --textconv :cmds_quiz.js
> git ls-files --stage -- /home/marcos/core/Entrega5_BBDD/cmds_quiz.js
> git cat-file -s 718de29a944b6060c265098c82525b072175258b
> git show --textconv :main.js
> git ls-files --stage -- /home/marcos/core/Entrega5_BBDD/main.js
> git cat-file -s d8da73f790271a0a946f78f1341e33aefc5bc569
> git show --textconv :cmds_quiz.js
> git ls-files --stage -- /home/marcos/core/Entrega5_BBDD/cmds_quiz.js
> git cat-file -s 718de29a944b6060c265098c82525b072175258b
> git show --textconv :main.js
> git ls-files --stage -- /home/marcos/core/Entrega5_BBDD/main.js
> git cat-file -s d8da73f790271a0a946f78f1341e33aefc5bc569
> git show --textconv :cmds_quiz.js
> git ls-files --stage -- /home/marcos/core/Entrega5_BBDD/cmds_quiz.js
> git cat-file -s 718de29a944b6060c265098c82525b072175258b
> git show --textconv :main.js
> git ls-files --stage -- /home/marcos/core/Entrega5_BBDD/main.js
> git cat-file -s d8da73f790271a0a946f78f1341e33aefc5bc569
> git show --textconv :cmds_user.js
> git ls-files --stage -- /home/marcos/core/Entrega5_BBDD/cmds_user.js
> git cat-file -s 1e04e07daa5202da90ebcdfaf10ab73189319355
> git status -z -u
> git symbolic-ref --short HEAD
> git for-each-ref --format=%(refname)%00%(upstream:short)%00%(upstream:track)%00%(objectname) refs/heads/master refs/remotes/master
> git for-each-ref --sort -committerdate --format %(refname) %(objectname) %(*objectname)
> git remote --verbose
Warning: Failed to watch ref '/home/marcos/core/Entrega5_BBDD/.git/refs/remotes/origin/master', is most likely packed.
> git config --get commit.template
> git show --textconv :cmds_quiz.js
> git ls-files --stage -- /home/marcos/core/Entrega5_BBDD/cmds_quiz.js
> git cat-file -s 718de29a944b6060c265098c82525b072175258b
> git status -z -u
> git symbolic-ref --short HEAD
> git for-each-ref --format=%(refname)%00%(upstream:short)%00%(upstream:track)%00%(objectname) refs/heads/master refs/remotes/master
> git for-each-ref --sort -committerdate --format %(refname) %(objectname) %(*objectname)
> git remote --verbose
Warning: Failed to watch ref '/home/marcos/core/Entrega5_BBDD/.git/refs/remotes/origin/master', is most likely packed.
> git config --get commit.template
> git show --textconv :main.js
> git ls-files --stage -- /home/marcos/core/Entrega5_BBDD/main.js
> git cat-file -s d8da73f790271a0a946f78f1341e33aefc5bc569
> git show --textconv :cmds_quiz.js
> git ls-files --stage -- /home/marcos/core/Entrega5_BBDD/cmds_quiz.js
> git cat-file -s 718de29a944b6060c265098c82525b072175258b
> git status -z -u
> git symbolic-ref --short HEAD
> git for-each-ref --format=%(refname)%00%(upstream:short)%00%(upstream:track)%00%(objectname) refs/heads/master refs/remotes/master
> git for-each-ref --sort -committerdate --format %(refname) %(objectname) %(*objectname)
> git remote --verbose
Warning: Failed to watch ref '/home/marcos/core/Entrega5_BBDD/.git/refs/remotes/origin/master', is most likely packed.
> git config --get commit.template
> git show --textconv :main.js
> git ls-files --stage -- /home/marcos/core/Entrega5_BBDD/main.js
> git cat-file -s d8da73f790271a0a946f78f1341e33aefc5bc569
> git show --textconv :cmds_quiz.js
> git ls-files --stage -- /home/marcos/core/Entrega5_BBDD/cmds_quiz.js
> git cat-file -s 718de29a944b6060c265098c82525b072175258b
> git show --textconv :cmds_user.js
> git ls-files --stage -- /home/marcos/core/Entrega5_BBDD/cmds_user.js
> git cat-file -s 1e04e07daa5202da90ebcdfaf10ab73189319355
> git show --textconv :cmds_quiz.js
> git ls-files --stage -- /home/marcos/core/Entrega5_BBDD/cmds_quiz.js
> git cat-file -s 718de29a944b6060c265098c82525b072175258b
> git status -z -u
> git symbolic-ref --short HEAD
> git for-each-ref --format=%(refname)%00%(upstream:short)%00%(upstream:track)%00%(objectname) refs/heads/master refs/remotes/master
> git for-each-ref --sort -committerdate --format %(refname) %(objectname) %(*objectname)
> git remote --verbose
Warning: Failed to watch ref '/home/marcos/core/Entrega5_BBDD/.git/refs/remotes/origin/master', is most likely packed.
> git config --get commit.template
> git status -z -u
> git symbolic-ref --short HEAD
> git for-each-ref --format=%(refname)%00%(upstream:short)%00%(upstream:track)%00%(objectname) refs/heads/master refs/remotes/master
> git for-each-ref --sort -committerdate --format %(refname) %(objectname) %(*objectname)
> git remote --verbose
Warning: Failed to watch ref '/home/marcos/core/Entrega5_BBDD/.git/refs/remotes/origin/master', is most likely packed.
> git config --get commit.template
> git status -z -u
> git symbolic-ref --short HEAD
> git for-each-ref --format=%(refname)%00%(upstream:short)%00%(upstream:track)%00%(objectname) refs/heads/master refs/remotes/master
> git for-each-ref --sort -committerdate --format %(refname) %(objectname) %(*objectname)
> git remote --verbose
Warning: Failed to watch ref '/home/marcos/core/Entrega5_BBDD/.git/refs/remotes/origin/master', is most likely packed.
> git config --get commit.template
> git log --format=%H%n%aN%n%aE%n%at%n%ct%n%P%n%B -z -n21 -- /home/marcos/core/Entrega5_BBDD/cmds_quiz.js
> git show --textconv :cmds_quiz.js
> git ls-files --stage -- /home/marcos/core/Entrega5_BBDD/cmds_quiz.js
> git cat-file -s 718de29a944b6060c265098c82525b072175258b
> git status -z -u
> git symbolic-ref --short HEAD
> git for-each-ref --format=%(refname)%00%(upstream:short)%00%(upstream:track)%00%(objectname) refs/heads/master refs/remotes/master
> git for-each-ref --sort -committerdate --format %(refname) %(objectname) %(*objectname)
> git remote --verbose
Warning: Failed to watch ref '/home/marcos/core/Entrega5_BBDD/.git/refs/remotes/origin/master', is most likely packed.
> git config --get commit.template
> git status -z -u
> git symbolic-ref --short HEAD
> git for-each-ref --format=%(refname)%00%(upstream:short)%00%(upstream:track)%00%(objectname) refs/heads/master refs/remotes/master
> git for-each-ref --sort -committerdate --format %(refname) %(objectname) %(*objectname)
> git remote --verbose
Warning: Failed to watch ref '/home/marcos/core/Entrega5_BBDD/.git/refs/remotes/origin/master', is most likely packed.
> git config --get commit.template
> git status -z -u
> git symbolic-ref --short HEAD
> git for-each-ref --format=%(refname)%00%(upstream:short)%00%(upstream:track)%00%(objectname) refs/heads/master refs/remotes/master
> git for-each-ref --sort -committerdate --format %(refname) %(objectname) %(*objectname)
> git remote --verbose
Warning: Failed to watch ref '/home/marcos/core/Entrega5_BBDD/.git/refs/remotes/origin/master', is most likely packed.
> git config --get commit.template
> git status -z -u
> git symbolic-ref --short HEAD
> git for-each-ref --format=%(refname)%00%(upstream:short)%00%(upstream:track)%00%(objectname) refs/heads/master refs/remotes/master
> git for-each-ref --sort -committerdate --format %(refname) %(objectname) %(*objectname)
> git remote --verbose
Warning: Failed to watch ref '/home/marcos/core/Entrega5_BBDD/.git/refs/remotes/origin/master', is most likely packed.
> git config --get commit.template
> git status -z -u
> git symbolic-ref --short HEAD
> git for-each-ref --format=%(refname)%00%(upstream:short)%00%(upstream:track)%00%(objectname) refs/heads/master refs/remotes/master
> git for-each-ref --sort -committerdate --format %(refname) %(objectname) %(*objectname)
> git remote --verbose
Warning: Failed to watch ref '/home/marcos/core/Entrega5_BBDD/.git/refs/remotes/origin/master', is most likely packed.
> git config --get commit.template
> git check-ignore -v -z --stdin
> git check-ignore -v -z --stdin
> git check-ignore -v -z --stdin
> git show --textconv :tests/checks.js
> git ls-files --stage -- /home/marcos/core/Entrega5_BBDD/tests/checks.js
> git cat-file -s 2b261cedaed7d344ad21ce7c17586725b3f7d8ed
> git show --textconv :cmds_quiz.js
> git ls-files --stage -- /home/marcos/core/Entrega5_BBDD/cmds_quiz.js
> git cat-file -s 718de29a944b6060c265098c82525b072175258b
> git show --textconv :model.js
> git ls-files --stage -- /home/marcos/core/Entrega5_BBDD/model.js
> git cat-file -s b24ca46aac64174ada4ef79c10c373e6cdf37b90
> git status -z -u
> git symbolic-ref --short HEAD
> git for-each-ref --format=%(refname)%00%(upstream:short)%00%(upstream:track)%00%(objectname) refs/heads/master refs/remotes/master
> git for-each-ref --sort -committerdate --format %(refname) %(objectname) %(*objectname)
> git remote --verbose
Warning: Failed to watch ref '/home/marcos/core/Entrega5_BBDD/.git/refs/remotes/origin/master', is most likely packed.
> git config --get commit.template
> git status -z -u
> git symbolic-ref --short HEAD
> git for-each-ref --format=%(refname)%00%(upstream:short)%00%(upstream:track)%00%(objectname) refs/heads/master refs/remotes/master
> git for-each-ref --sort -committerdate --format %(refname) %(objectname) %(*objectname)
> git remote --verbose
Warning: Failed to watch ref '/home/marcos/core/Entrega5_BBDD/.git/refs/remotes/origin/master', is most likely packed.
> git config --get commit.template
> git status -z -u
> git symbolic-ref --short HEAD
> git for-each-ref --format=%(refname)%00%(upstream:short)%00%(upstream:track)%00%(objectname) refs/heads/master refs/remotes/master
> git for-each-ref --sort -committerdate --format %(refname) %(objectname) %(*objectname)
> git remote --verbose
Warning: Failed to watch ref '/home/marcos/core/Entrega5_BBDD/.git/refs/remotes/origin/master', is most likely packed.
> git config --get commit.template
> git show --textconv :migrations/20190831115506-CreateQuizzesTable.js
> git ls-files --stage -- /home/marcos/core/Entrega5_BBDD/migrations/20190831115506-CreateQuizzesTable.js
> git cat-file -s 0c2b847fa90775fbfdb9d9b77c59f960a97a17d6
> git show --textconv :migrations/20190831112943-CreateUsersTable.js
> git ls-files --stage -- /home/marcos/core/Entrega5_BBDD/migrations/20190831112943-CreateUsersTable.js
> git cat-file -s 4241a057a59b26a7f0914c93e01156dcbef84fcc
> git show --textconv :model.js
> git ls-files --stage -- /home/marcos/core/Entrega5_BBDD/model.js
> git cat-file -s b24ca46aac64174ada4ef79c10c373e6cdf37b90
> git status -z -u
> git symbolic-ref --short HEAD
> git for-each-ref --format=%(refname)%00%(upstream:short)%00%(upstream:track)%00%(objectname) refs/heads/master refs/remotes/master
> git for-each-ref --sort -committerdate --format %(refname) %(objectname) %(*objectname)
> git remote --verbose
Warning: Failed to watch ref '/home/marcos/core/Entrega5_BBDD/.git/refs/remotes/origin/master', is most likely packed.
> git config --get commit.template
> git log --format=%H%n%aN%n%aE%n%at%n%ct%n%P%n%B -z -n21 -- /home/marcos/core/Entrega5_BBDD/model.js
> git check-ignore -v -z --stdin
> git show --textconv :migrations/20210403103543-CreateScoresTable.js
> git ls-files --stage -- /home/marcos/core/Entrega5_BBDD/migrations/20210403103543-CreateScoresTable.js
> git show --textconv :migrations/20190831115506-CreateQuizzesTable.js
> git ls-files --stage -- /home/marcos/core/Entrega5_BBDD/migrations/20190831115506-CreateQuizzesTable.js
> git cat-file -s 0c2b847fa90775fbfdb9d9b77c59f960a97a17d6
> git show --textconv :model.js
> git ls-files --stage -- /home/marcos/core/Entrega5_BBDD/model.js
> git cat-file -s b24ca46aac64174ada4ef79c10c373e6cdf37b90
> git show --textconv :migrations/20190831115550-CreateFavouritesTable.js
> git ls-files --stage -- /home/marcos/core/Entrega5_BBDD/migrations/20190831115550-CreateFavouritesTable.js
> git cat-file -s b9a44264bd5f141b7346b1192a8610fef0edd0ac
> git show --textconv :migrations/20190831112943-CreateUsersTable.js
> git ls-files --stage -- /home/marcos/core/Entrega5_BBDD/migrations/20190831112943-CreateUsersTable.js
> git cat-file -s 4241a057a59b26a7f0914c93e01156dcbef84fcc
> git log --format=%H%n%aN%n%aE%n%at%n%ct%n%P%n%B -z -n21 -- /home/marcos/core/Entrega5_BBDD/migrations/20190831112943-CreateUsersTable.js
> git log --format=%H%n%aN%n%aE%n%at%n%ct%n%P%n%B -z -n41 -- /home/marcos/core/Entrega5_BBDD/migrations/20190831112943-CreateUsersTable.js
> git show --textconv :model.js
> git ls-files --stage -- /home/marcos/core/Entrega5_BBDD/model.js
> git cat-file -s b24ca46aac64174ada4ef79c10c373e6cdf37b90
> git show --textconv :migrations/20210403103543-CreateScoresTable.js
> git ls-files --stage -- /home/marcos/core/Entrega5_BBDD/migrations/20210403103543-CreateScoresTable.js
> git log --format=%H%n%aN%n%aE%n%at%n%ct%n%P%n%B -z -n21 -- /home/marcos/core/Entrega5_BBDD/migrations/20210403103543-CreateScoresTable.js
> git log --format=%H%n%aN%n%aE%n%at%n%ct%n%P%n%B -z -n41 -- /home/marcos/core/Entrega5_BBDD/migrations/20210403103543-CreateScoresTable.js
> git show --textconv :migrations/20190831112943-CreateUsersTable.js
> git ls-files --stage -- /home/marcos/core/Entrega5_BBDD/migrations/20190831112943-CreateUsersTable.js
> git cat-file -s 4241a057a59b26a7f0914c93e01156dcbef84fcc
> git show --textconv :migrations/20190831115506-CreateQuizzesTable.js
> git ls-files --stage -- /home/marcos/core/Entrega5_BBDD/migrations/20190831115506-CreateQuizzesTable.js
> git cat-file -s 0c2b847fa90775fbfdb9d9b77c59f960a97a17d6
> git show --textconv :migrations/20210403103543-CreateScoresTable.js
> git ls-files --stage -- /home/marcos/core/Entrega5_BBDD/migrations/20210403103543-CreateScoresTable.js
> git status -z -u
> git symbolic-ref --short HEAD
> git for-each-ref --format=%(refname)%00%(upstream:short)%00%(upstream:track)%00%(objectname) refs/heads/master refs/remotes/master
> git for-each-ref --sort -committerdate --format %(refname) %(objectname) %(*objectname)
> git remote --verbose
Warning: Failed to watch ref '/home/marcos/core/Entrega5_BBDD/.git/refs/remotes/origin/master', is most likely packed.
> git config --get commit.template
> git show --textconv :cmds_user.js
> git ls-files --stage -- /home/marcos/core/Entrega5_BBDD/cmds_user.js
> git cat-file -s 1e04e07daa5202da90ebcdfaf10ab73189319355
> git status -z -u
> git symbolic-ref --short HEAD
> git for-each-ref --format=%(refname)%00%(upstream:short)%00%(upstream:track)%00%(objectname) refs/heads/master refs/remotes/master
> git for-each-ref --sort -committerdate --format %(refname) %(objectname) %(*objectname)
> git remote --verbose
Warning: Failed to watch ref '/home/marcos/core/Entrega5_BBDD/.git/refs/remotes/origin/master', is most likely packed.
> git config --get commit.template
> git ls-files --stage -- /home/marcos/core/Entrega5_BBDD/migrations/20190831112943-CreateUsersTable.js
> git ls-files --stage -- /home/marcos/core/Entrega5_BBDD/cmds_user.js
> git cat-file -s 40543ea27a3ca4cabc2d9e754b9a1ddd03302ebb
> git cat-file -s 4241a057a59b26a7f0914c93e01156dcbef84fcc
> git show --textconv :cmds_user.js
> git show --textconv :migrations/20190831112943-CreateUsersTable.js
> git status -z -u
> git symbolic-ref --short HEAD
> git for-each-ref --format=%(refname)%00%(upstream:short)%00%(upstream:track)%00%(objectname) refs/heads/master refs/remotes/master
> git for-each-ref --sort -committerdate --format %(refname) %(objectname) %(*objectname)
> git remote --verbose
Warning: Failed to watch ref '/home/marcos/core/Entrega5_BBDD/.git/refs/remotes/origin/master', is most likely packed.
> git config --get commit.template
> git status -z -u
> git symbolic-ref --short HEAD
> git for-each-ref --format=%(refname)%00%(upstream:short)%00%(upstream:track)%00%(objectname) refs/heads/master refs/remotes/master
> git for-each-ref --sort -committerdate --format %(refname) %(objectname) %(*objectname)
> git remote --verbose
Warning: Failed to watch ref '/home/marcos/core/Entrega5_BBDD/.git/refs/remotes/origin/master', is most likely packed.
> git config --get commit.template
> git ls-files --stage -- /home/marcos/core/Entrega5_BBDD/migrations/20190831112943-CreateUsersTable.js
> git ls-files --stage -- /home/marcos/core/Entrega5_BBDD/cmds_user.js
> git cat-file -s 4241a057a59b26a7f0914c93e01156dcbef84fcc
> git cat-file -s 40543ea27a3ca4cabc2d9e754b9a1ddd03302ebb
> git show --textconv :migrations/20190831112943-CreateUsersTable.js
> git show --textconv :cmds_user.js
> git status -z -u
> git symbolic-ref --short HEAD
> git for-each-ref --format=%(refname)%00%(upstream:short)%00%(upstream:track)%00%(objectname) refs/heads/master refs/remotes/master
> git for-each-ref --sort -committerdate --format %(refname) %(objectname) %(*objectname)
> git remote --verbose
Warning: Failed to watch ref '/home/marcos/core/Entrega5_BBDD/.git/refs/remotes/origin/master', is most likely packed.
> git config --get commit.template
> git show --textconv :model.js
> git ls-files --stage -- /home/marcos/core/Entrega5_BBDD/model.js
> git cat-file -s b24ca46aac64174ada4ef79c10c373e6cdf37b90
> git show --textconv :migrations/20210403103543-CreateScoresTable.js
> git ls-files --stage -- /home/marcos/core/Entrega5_BBDD/migrations/20210403103543-CreateScoresTable.js
> git show --textconv :migrations/20190831115506-CreateQuizzesTable.js
> git ls-files --stage -- /home/marcos/core/Entrega5_BBDD/migrations/20190831115506-CreateQuizzesTable.js
> git cat-file -s 0c2b847fa90775fbfdb9d9b77c59f960a97a17d6
> git log --format=%H%n%aN%n%aE%n%at%n%ct%n%P%n%B -z -n21 -- /home/marcos/core/Entrega5_BBDD/migrations/20190831115506-CreateQuizzesTable.js
> git log --format=%H%n%aN%n%aE%n%at%n%ct%n%P%n%B -z -n41 -- /home/marcos/core/Entrega5_BBDD/migrations/20190831115506-CreateQuizzesTable.js
> git show --textconv :migrations/20190831112943-CreateUsersTable.js
> git ls-files --stage -- /home/marcos/core/Entrega5_BBDD/migrations/20190831112943-CreateUsersTable.js
> git cat-file -s 4241a057a59b26a7f0914c93e01156dcbef84fcc
> git show --textconv :migrations/20210403103543-CreateScoresTable.js
> git ls-files --stage -- /home/marcos/core/Entrega5_BBDD/migrations/20210403103543-CreateScoresTable.js
> git status -z -u
> git symbolic-ref --short HEAD
> git for-each-ref --format=%(refname)%00%(upstream:short)%00%(upstream:track)%00%(objectname) refs/heads/master refs/remotes/master
> git for-each-ref --sort -committerdate --format %(refname) %(objectname) %(*objectname)
> git remote --verbose
Warning: Failed to watch ref '/home/marcos/core/Entrega5_BBDD/.git/refs/remotes/origin/master', is most likely packed.
> git config --get commit.template
> git status -z -u
> git symbolic-ref --short HEAD
> git for-each-ref --format=%(refname)%00%(upstream:short)%00%(upstream:track)%00%(objectname) refs/heads/master refs/remotes/master
> git for-each-ref --sort -committerdate --format %(refname) %(objectname) %(*objectname)
> git remote --verbose
Warning: Failed to watch ref '/home/marcos/core/Entrega5_BBDD/.git/refs/remotes/origin/master', is most likely packed.
> git config --get commit.template
> git status -z -u
> git symbolic-ref --short HEAD
> git for-each-ref --format=%(refname)%00%(upstream:short)%00%(upstream:track)%00%(objectname) refs/heads/master refs/remotes/master
> git for-each-ref --sort -committerdate --format %(refname) %(objectname) %(*objectname)
> git remote --verbose
Warning: Failed to watch ref '/home/marcos/core/Entrega5_BBDD/.git/refs/remotes/origin/master', is most likely packed.
> git config --get commit.template
> git status -z -u
> git symbolic-ref --short HEAD
> git for-each-ref --format=%(refname)%00%(upstream:short)%00%(upstream:track)%00%(objectname) refs/heads/master refs/remotes/master
> git for-each-ref --sort -committerdate --format %(refname) %(objectname) %(*objectname)
> git remote --verbose
Warning: Failed to watch ref '/home/marcos/core/Entrega5_BBDD/.git/refs/remotes/origin/master', is most likely packed.
> git config --get commit.template
> git status -z -u
> git symbolic-ref --short HEAD
> git for-each-ref --format=%(refname)%00%(upstream:short)%00%(upstream:track)%00%(objectname) refs/heads/master refs/remotes/master
> git for-each-ref --sort -committerdate --format %(refname) %(objectname) %(*objectname)
> git remote --verbose
Warning: Failed to watch ref '/home/marcos/core/Entrega5_BBDD/.git/refs/remotes/origin/master', is most likely packed.
> git config --get commit.template
> git show --textconv :model.js
> git ls-files --stage -- /home/marcos/core/Entrega5_BBDD/model.js
> git cat-file -s b24ca46aac64174ada4ef79c10c373e6cdf37b90
> git show --textconv :cmds_quiz.js
> git ls-files --stage -- /home/marcos/core/Entrega5_BBDD/cmds_quiz.js
> git cat-file -s df67e09fedee8972005c0ffe8248586718f65382
> git log --format=%H%n%aN%n%aE%n%at%n%ct%n%P%n%B -z -n21 -- /home/marcos/core/Entrega5_BBDD/db.sqlite
> git show --textconv :cmds_user.js
> git ls-files --stage -- /home/marcos/core/Entrega5_BBDD/cmds_user.js
> git cat-file -s 40543ea27a3ca4cabc2d9e754b9a1ddd03302ebb
> git show --textconv :migrations/20190831112943-CreateUsersTable.js
> git ls-files --stage -- /home/marcos/core/Entrega5_BBDD/migrations/20190831112943-CreateUsersTable.js
> git cat-file -s 4241a057a59b26a7f0914c93e01156dcbef84fcc
> git log --format=%H%n%aN%n%aE%n%at%n%ct%n%P%n%B -z -n21 -- /home/marcos/core/Entrega5_BBDD/cmds_user.js
> git log --format=%H%n%aN%n%aE%n%at%n%ct%n%P%n%B -z -n41 -- /home/marcos/core/Entrega5_BBDD/cmds_user.js
> git show --textconv :cmds_quiz.js
> git ls-files --stage -- /home/marcos/core/Entrega5_BBDD/cmds_quiz.js
> git cat-file -s df67e09fedee8972005c0ffe8248586718f65382
> git log --format=%H%n%aN%n%aE%n%at%n%ct%n%P%n%B -z -n21 -- /home/marcos/core/Entrega5_BBDD/cmds_quiz.js
> git show --textconv :cmds_user.js
> git ls-files --stage -- /home/marcos/core/Entrega5_BBDD/cmds_user.js
> git cat-file -s 40543ea27a3ca4cabc2d9e754b9a1ddd03302ebb
> git status -z -u
> git symbolic-ref --short HEAD
> git for-each-ref --format=%(refname)%00%(upstream:short)%00%(upstream:track)%00%(objectname) refs/heads/master refs/remotes/master
> git for-each-ref --sort -committerdate --format %(refname) %(objectname) %(*objectname)
> git remote --verbose
Warning: Failed to watch ref '/home/marcos/core/Entrega5_BBDD/.git/refs/remotes/origin/master', is most likely packed.
> git config --get commit.template
> git show --textconv :main.js
> git ls-files --stage -- /home/marcos/core/Entrega5_BBDD/main.js
> git cat-file -s d8da73f790271a0a946f78f1341e33aefc5bc569
> git show --textconv :node_modules/sequelize/lib/model.js
> git ls-files --stage -- /home/marcos/core/Entrega5_BBDD/node_modules/sequelize/lib/model.js
> git check-ignore -v -z --stdin
> git show --textconv :main.js
> git ls-files --stage -- /home/marcos/core/Entrega5_BBDD/main.js
> git cat-file -s d8da73f790271a0a946f78f1341e33aefc5bc569
> git check-ignore -v -z --stdin
> git show --textconv :model.js
> git ls-files --stage -- /home/marcos/core/Entrega5_BBDD/model.js
> git cat-file -s b24ca46aac64174ada4ef79c10c373e6cdf37b90
> git status -z -u
> git symbolic-ref --short HEAD
> git for-each-ref --format=%(refname)%00%(upstream:short)%00%(upstream:track)%00%(objectname) refs/heads/master refs/remotes/master
> git for-each-ref --sort -committerdate --format %(refname) %(objectname) %(*objectname)
> git remote --verbose
Warning: Failed to watch ref '/home/marcos/core/Entrega5_BBDD/.git/refs/remotes/origin/master', is most likely packed.
> git config --get commit.template
> git status -z -u
> git symbolic-ref --short HEAD
> git for-each-ref --format=%(refname)%00%(upstream:short)%00%(upstream:track)%00%(objectname) refs/heads/master refs/remotes/master
> git for-each-ref --sort -committerdate --format %(refname) %(objectname) %(*objectname)
> git remote --verbose
Warning: Failed to watch ref '/home/marcos/core/Entrega5_BBDD/.git/refs/remotes/origin/master', is most likely packed.
> git config --get commit.template
> git show --textconv :migrations/20210403103543-CreateScoresTable.js
> git ls-files --stage -- /home/marcos/core/Entrega5_BBDD/migrations/20210403103543-CreateScoresTable.js
> git show --textconv :model.js
> git ls-files --stage -- /home/marcos/core/Entrega5_BBDD/model.js
> git cat-file -s b24ca46aac64174ada4ef79c10c373e6cdf37b90
> git show --textconv :model.js
> git ls-files --stage -- /home/marcos/core/Entrega5_BBDD/model.js
> git cat-file -s b24ca46aac64174ada4ef79c10c373e6cdf37b90
> git show --textconv :main.js
> git ls-files --stage -- /home/marcos/core/Entrega5_BBDD/main.js
> git cat-file -s d8da73f790271a0a946f78f1341e33aefc5bc569
> git show --textconv :cmds_quiz.js
> git ls-files --stage -- /home/marcos/core/Entrega5_BBDD/cmds_quiz.js
> git cat-file -s df67e09fedee8972005c0ffe8248586718f65382
> git check-ignore -v -z --stdin
> git show --textconv :cmds_quiz.js
> git ls-files --stage -- /home/marcos/core/Entrega5_BBDD/cmds_quiz.js
> git cat-file -s df67e09fedee8972005c0ffe8248586718f65382
> git status -z -u
> git symbolic-ref --short HEAD
> git for-each-ref --format=%(refname)%00%(upstream:short)%00%(upstream:track)%00%(objectname) refs/heads/master refs/remotes/master
> git for-each-ref --sort -committerdate --format %(refname) %(objectname) %(*objectname)
> git remote --verbose
Warning: Failed to watch ref '/home/marcos/core/Entrega5_BBDD/.git/refs/remotes/origin/master', is most likely packed.
> git config --get commit.template
> git show --textconv :model.js
> git ls-files --stage -- /home/marcos/core/Entrega5_BBDD/model.js
> git cat-file -s b24ca46aac64174ada4ef79c10c373e6cdf37b90
> git show --textconv :cmds_quiz.js
> git ls-files --stage -- /home/marcos/core/Entrega5_BBDD/cmds_quiz.js
> git cat-file -s df67e09fedee8972005c0ffe8248586718f65382
> git show --textconv :cmds_quiz.js
> git ls-files --stage -- /home/marcos/core/Entrega5_BBDD/cmds_quiz.js
> git cat-file -s df67e09fedee8972005c0ffe8248586718f65382
> git status -z -u
> git symbolic-ref --short HEAD
> git for-each-ref --format=%(refname)%00%(upstream:short)%00%(upstream:track)%00%(objectname) refs/heads/master refs/remotes/master
> git for-each-ref --sort -committerdate --format %(refname) %(objectname) %(*objectname)
> git remote --verbose
Warning: Failed to watch ref '/home/marcos/core/Entrega5_BBDD/.git/refs/remotes/origin/master', is most likely packed.
> git config --get commit.template
> git status -z -u
> git symbolic-ref --short HEAD
> git for-each-ref --format=%(refname)%00%(upstream:short)%00%(upstream:track)%00%(objectname) refs/heads/master refs/remotes/master
> git for-each-ref --sort -committerdate --format %(refname) %(objectname) %(*objectname)
> git remote --verbose
Warning: Failed to watch ref '/home/marcos/core/Entrega5_BBDD/.git/refs/remotes/origin/master', is most likely packed.
> git config --get commit.template
> git show --textconv :cmds_score.js
> git ls-files --stage -- /home/marcos/core/Entrega5_BBDD/cmds_score.js
> git check-ignore -v -z --stdin
> git status -z -u
> git symbolic-ref --short HEAD
> git for-each-ref --format=%(refname)%00%(upstream:short)%00%(upstream:track)%00%(objectname) refs/heads/master refs/remotes/master
> git for-each-ref --sort -committerdate --format %(refname) %(objectname) %(*objectname)
> git remote --verbose
Warning: Failed to watch ref '/home/marcos/core/Entrega5_BBDD/.git/refs/remotes/origin/master', is most likely packed.
> git config --get commit.template
> git show --textconv :model.js
> git ls-files --stage -- /home/marcos/core/Entrega5_BBDD/model.js
> git cat-file -s b24ca46aac64174ada4ef79c10c373e6cdf37b90
> git show --textconv :cmds_score.js
> git ls-files --stage -- /home/marcos/core/Entrega5_BBDD/cmds_score.js
> git show --textconv :cmds_quiz.js
> git ls-files --stage -- /home/marcos/core/Entrega5_BBDD/cmds_quiz.js
> git cat-file -s df67e09fedee8972005c0ffe8248586718f65382
> git show --textconv :cmds_score.js
> git ls-files --stage -- /home/marcos/core/Entrega5_BBDD/cmds_score.js
> git show --textconv :cmds_quiz.js
> git ls-files --stage -- /home/marcos/core/Entrega5_BBDD/cmds_quiz.js
> git cat-file -s df67e09fedee8972005c0ffe8248586718f65382
> git show --textconv :cmds_score.js
> git ls-files --stage -- /home/marcos/core/Entrega5_BBDD/cmds_score.js
> git show --textconv :model.js
> git ls-files --stage -- /home/marcos/core/Entrega5_BBDD/model.js
> git cat-file -s b24ca46aac64174ada4ef79c10c373e6cdf37b90
> git show --textconv :model.js
> git ls-files --stage -- /home/marcos/core/Entrega5_BBDD/model.js
> git cat-file -s b24ca46aac64174ada4ef79c10c373e6cdf37b90
> git show --textconv :main.js
> git ls-files --stage -- /home/marcos/core/Entrega5_BBDD/main.js
> git cat-file -s d8da73f790271a0a946f78f1341e33aefc5bc569
> git show --textconv :model.js
> git ls-files --stage -- /home/marcos/core/Entrega5_BBDD/model.js
> git cat-file -s b24ca46aac64174ada4ef79c10c373e6cdf37b90
> git show --textconv :cmds_score.js
> git ls-files --stage -- /home/marcos/core/Entrega5_BBDD/cmds_score.js
> git show --textconv :main.js
> git ls-files --stage -- /home/marcos/core/Entrega5_BBDD/main.js
> git cat-file -s d8da73f790271a0a946f78f1341e33aefc5bc569
> git show --textconv :cmds_score.js
> git ls-files --stage -- /home/marcos/core/Entrega5_BBDD/cmds_score.js
> git status -z -u
> git symbolic-ref --short HEAD
> git for-each-ref --format=%(refname)%00%(upstream:short)%00%(upstream:track)%00%(objectname) refs/heads/master refs/remotes/master
> git for-each-ref --sort -committerdate --format %(refname) %(objectname) %(*objectname)
> git remote --verbose
Warning: Failed to watch ref '/home/marcos/core/Entrega5_BBDD/.git/refs/remotes/origin/master', is most likely packed.
> git config --get commit.template
> git status -z -u
> git symbolic-ref --short HEAD
> git for-each-ref --format=%(refname)%00%(upstream:short)%00%(upstream:track)%00%(objectname) refs/heads/master refs/remotes/master
> git for-each-ref --sort -committerdate --format %(refname) %(objectname) %(*objectname)
> git remote --verbose
Warning: Failed to watch ref '/home/marcos/core/Entrega5_BBDD/.git/refs/remotes/origin/master', is most likely packed.
> git config --get commit.template
> git status -z -u
> git symbolic-ref --short HEAD
> git for-each-ref --format=%(refname)%00%(upstream:short)%00%(upstream:track)%00%(objectname) refs/heads/master refs/remotes/master
> git for-each-ref --sort -committerdate --format %(refname) %(objectname) %(*objectname)
> git remote --verbose
Warning: Failed to watch ref '/home/marcos/core/Entrega5_BBDD/.git/refs/remotes/origin/master', is most likely packed.
> git config --get commit.template
> git status -z -u
> git symbolic-ref --short HEAD
> git for-each-ref --format=%(refname)%00%(upstream:short)%00%(upstream:track)%00%(objectname) refs/heads/master refs/remotes/master
> git for-each-ref --sort -committerdate --format %(refname) %(objectname) %(*objectname)
> git remote --verbose
Warning: Failed to watch ref '/home/marcos/core/Entrega5_BBDD/.git/refs/remotes/origin/master', is most likely packed.
> git config --get commit.template
> git show --textconv :main.js
> git ls-files --stage -- /home/marcos/core/Entrega5_BBDD/main.js
> git cat-file -s d8da73f790271a0a946f78f1341e33aefc5bc569
> git show --textconv :model.js
> git ls-files --stage -- /home/marcos/core/Entrega5_BBDD/model.js
> git cat-file -s b24ca46aac64174ada4ef79c10c373e6cdf37b90
> git show --textconv :main.js
> git ls-files --stage -- /home/marcos/core/Entrega5_BBDD/main.js
> git cat-file -s d8da73f790271a0a946f78f1341e33aefc5bc569
> git status -z -u
> git symbolic-ref --short HEAD
> git for-each-ref --format=%(refname)%00%(upstream:short)%00%(upstream:track)%00%(objectname) refs/heads/master refs/remotes/master
> git for-each-ref --sort -committerdate --format %(refname) %(objectname) %(*objectname)
> git remote --verbose
Warning: Failed to watch ref '/home/marcos/core/Entrega5_BBDD/.git/refs/remotes/origin/master', is most likely packed.
> git config --get commit.template
> git status -z -u
> git symbolic-ref --short HEAD
> git for-each-ref --format=%(refname)%00%(upstream:short)%00%(upstream:track)%00%(objectname) refs/heads/master refs/remotes/master
> git for-each-ref --sort -committerdate --format %(refname) %(objectname) %(*objectname)
> git remote --verbose
Warning: Failed to watch ref '/home/marcos/core/Entrega5_BBDD/.git/refs/remotes/origin/master', is most likely packed.
> git config --get commit.template
> git show --textconv :main.js
> git ls-files --stage -- /home/marcos/core/Entrega5_BBDD/main.js
> git cat-file -s d8da73f790271a0a946f78f1341e33aefc5bc569
> git show --textconv :model.js
> git ls-files --stage -- /home/marcos/core/Entrega5_BBDD/model.js
> git cat-file -s b24ca46aac64174ada4ef79c10c373e6cdf37b90
> git show --textconv :main.js
> git ls-files --stage -- /home/marcos/core/Entrega5_BBDD/main.js
> git cat-file -s d8da73f790271a0a946f78f1341e33aefc5bc569
> git show --textconv :cmds_quiz.js
> git ls-files --stage -- /home/marcos/core/Entrega5_BBDD/cmds_quiz.js
> git cat-file -s df67e09fedee8972005c0ffe8248586718f65382
> git status -z -u
> git symbolic-ref --short HEAD
> git for-each-ref --format=%(refname)%00%(upstream:short)%00%(upstream:track)%00%(objectname) refs/heads/master refs/remotes/master
> git for-each-ref --sort -committerdate --format %(refname) %(objectname) %(*objectname)
> git remote --verbose
Warning: Failed to watch ref '/home/marcos/core/Entrega5_BBDD/.git/refs/remotes/origin/master', is most likely packed.
> git config --get commit.template
> git status -z -u
> git symbolic-ref --short HEAD
> git for-each-ref --format=%(refname)%00%(upstream:short)%00%(upstream:track)%00%(objectname) refs/heads/master refs/remotes/master
> git for-each-ref --sort -committerdate --format %(refname) %(objectname) %(*objectname)
> git remote --verbose
Warning: Failed to watch ref '/home/marcos/core/Entrega5_BBDD/.git/refs/remotes/origin/master', is most likely packed.
> git config --get commit.template
> git status -z -u
> git symbolic-ref --short HEAD
> git for-each-ref --format=%(refname)%00%(upstream:short)%00%(upstream:track)%00%(objectname) refs/heads/master refs/remotes/master
> git for-each-ref --sort -committerdate --format %(refname) %(objectname) %(*objectname)
> git remote --verbose
Warning: Failed to watch ref '/home/marcos/core/Entrega5_BBDD/.git/refs/remotes/origin/master', is most likely packed.
> git config --get commit.template
> git status -z -u
> git symbolic-ref --short HEAD
> git for-each-ref --format=%(refname)%00%(upstream:short)%00%(upstream:track)%00%(objectname) refs/heads/master refs/remotes/master
> git for-each-ref --sort -committerdate --format %(refname) %(objectname) %(*objectname)
> git remote --verbose
Warning: Failed to watch ref '/home/marcos/core/Entrega5_BBDD/.git/refs/remotes/origin/master', is most likely packed.
> git config --get commit.template
> git status -z -u
> git symbolic-ref --short HEAD
> git for-each-ref --format=%(refname)%00%(upstream:short)%00%(upstream:track)%00%(objectname) refs/heads/master refs/remotes/master
> git for-each-ref --sort -committerdate --format %(refname) %(objectname) %(*objectname)
> git remote --verbose
Warning: Failed to watch ref '/home/marcos/core/Entrega5_BBDD/.git/refs/remotes/origin/master', is most likely packed.
> git config --get commit.template
> git status -z -u
> git symbolic-ref --short HEAD
> git for-each-ref --format=%(refname)%00%(upstream:short)%00%(upstream:track)%00%(objectname) refs/heads/master refs/remotes/master
> git for-each-ref --sort -committerdate --format %(refname) %(objectname) %(*objectname)
> git remote --verbose
Warning: Failed to watch ref '/home/marcos/core/Entrega5_BBDD/.git/refs/remotes/origin/master', is most likely packed.
> git config --get commit.template
> git status -z -u
> git symbolic-ref --short HEAD
> git for-each-ref --format=%(refname)%00%(upstream:short)%00%(upstream:track)%00%(objectname) refs/heads/master refs/remotes/master
> git for-each-ref --sort -committerdate --format %(refname) %(objectname) %(*objectname)
> git remote --verbose
Warning: Failed to watch ref '/home/marcos/core/Entrega5_BBDD/.git/refs/remotes/origin/master', is most likely packed.
> git config --get commit.template
> git ls-files --stage -- /home/marcos/core/Entrega5_BBDD/cmds_user.js
> git ls-files --stage -- /home/marcos/core/Entrega5_BBDD/cmds_quiz.js
> git cat-file -s 31decf61e68f6b32958ec9a7fce7f68251561ad2
> git cat-file -s 264fb1d0bbf8c832edaaf308bdd13019d338bfad
> git show --textconv :cmds_user.js
> git show --textconv :cmds_quiz.js
> git show --textconv :package-lock.json
> git ls-files --stage -- /home/marcos/core/Entrega5_BBDD/package-lock.json
> git cat-file -s d9656c5d24c56e155c08788df73d72c8a26d8b49
> git status -z -u
> git symbolic-ref --short HEAD
> git for-each-ref --format=%(refname)%00%(upstream:short)%00%(upstream:track)%00%(objectname) refs/heads/master refs/remotes/master
> git for-each-ref --sort -committerdate --format %(refname) %(objectname) %(*objectname)
> git remote --verbose
Warning: Failed to watch ref '/home/marcos/core/Entrega5_BBDD/.git/refs/remotes/origin/master', is most likely packed.
> git config --get commit.template
> git show --textconv :package.json
> git ls-files --stage -- /home/marcos/core/Entrega5_BBDD/package.json
> git cat-file -s ba729659640578c87c8de5f3ca8ba3fd97bc5083
> git status -z -u
> git symbolic-ref --short HEAD
> git for-each-ref --format=%(refname)%00%(upstream:short)%00%(upstream:track)%00%(objectname) refs/heads/master refs/remotes/master
> git for-each-ref --sort -committerdate --format %(refname) %(objectname) %(*objectname)
> git remote --verbose
Warning: Failed to watch ref '/home/marcos/core/Entrega5_BBDD/.git/refs/remotes/origin/master', is most likely packed.
> git config --get commit.template
> git ls-files --stage -- /home/marcos/core/Entrega5_BBDD/cmds_user.js
> git ls-files --stage -- /home/marcos/core/Entrega5_BBDD/package.json
> git cat-file -s 31decf61e68f6b32958ec9a7fce7f68251561ad2
> git cat-file -s ba729659640578c87c8de5f3ca8ba3fd97bc5083
> git show --textconv :cmds_user.js
> git show --textconv :package.json
> git status -z -u
> git symbolic-ref --short HEAD
> git for-each-ref --format=%(refname)%00%(upstream:short)%00%(upstream:track)%00%(objectname) refs/heads/master refs/remotes/master
> git for-each-ref --sort -committerdate --format %(refname) %(objectname) %(*objectname)
> git remote --verbose
Warning: Failed to watch ref '/home/marcos/core/Entrega5_BBDD/.git/refs/remotes/origin/master', is most likely packed.
> git config --get commit.template
> git status -z -u
> git symbolic-ref --short HEAD
> git for-each-ref --format=%(refname)%00%(upstream:short)%00%(upstream:track)%00%(objectname) refs/heads/master refs/remotes/master
> git for-each-ref --sort -committerdate --format %(refname) %(objectname) %(*objectname)
> git remote --verbose
Warning: Failed to watch ref '/home/marcos/core/Entrega5_BBDD/.git/refs/remotes/origin/master', is most likely packed.
> git config --get commit.template
> git ls-files --stage -- /home/marcos/core/Entrega5_BBDD/cmds_user.js
> git ls-files --stage -- /home/marcos/core/Entrega5_BBDD/package.json
> git cat-file -s 40543ea27a3ca4cabc2d9e754b9a1ddd03302ebb
> git cat-file -s be9803081a7724694eaa453911dcb9ba7977c990
> git show --textconv :cmds_user.js
> git show --textconv :package.json
> git show --textconv :model.js
> git ls-files --stage -- /home/marcos/core/Entrega5_BBDD/model.js
> git cat-file -s b24ca46aac64174ada4ef79c10c373e6cdf37b90
> git status -z -u
> git symbolic-ref --short HEAD
> git for-each-ref --format=%(refname)%00%(upstream:short)%00%(upstream:track)%00%(objectname) refs/heads/master refs/remotes/master
> git for-each-ref --sort -committerdate --format %(refname) %(objectname) %(*objectname)
> git remote --verbose
Warning: Failed to watch ref '/home/marcos/core/Entrega5_BBDD/.git/refs/remotes/origin/master', is most likely packed.
> git config --get commit.template
> git show --textconv :cmds_quiz.js
> git ls-files --stage -- /home/marcos/core/Entrega5_BBDD/cmds_quiz.js
> git cat-file -s df67e09fedee8972005c0ffe8248586718f65382
> git status -z -u
> git symbolic-ref --short HEAD
> git for-each-ref --format=%(refname)%00%(upstream:short)%00%(upstream:track)%00%(objectname) refs/heads/master refs/remotes/master
> git for-each-ref --sort -committerdate --format %(refname) %(objectname) %(*objectname)
> git remote --verbose
Warning: Failed to watch ref '/home/marcos/core/Entrega5_BBDD/.git/refs/remotes/origin/master', is most likely packed.
> git config --get commit.template
> git status -z -u
> git symbolic-ref --short HEAD
> git for-each-ref --format=%(refname)%00%(upstream:short)%00%(upstream:track)%00%(objectname) refs/heads/master refs/remotes/master
> git for-each-ref --sort -committerdate --format %(refname) %(objectname) %(*objectname)
> git remote --verbose
Warning: Failed to watch ref '/home/marcos/core/Entrega5_BBDD/.git/refs/remotes/origin/master', is most likely packed.
> git config --get commit.template
> git check-ignore -v -z --stdin
> git show --textconv :.gitignore
> git ls-files --stage -- /home/marcos/core/Entrega5_BBDD/.gitignore
> git cat-file -s 0308ff40d1f685c478594b122adf5dd801db41ce
> git status -z -u
> git symbolic-ref --short HEAD
> git for-each-ref --format=%(refname)%00%(upstream:short)%00%(upstream:track)%00%(objectname) refs/heads/master refs/remotes/master
> git for-each-ref --sort -committerdate --format %(refname) %(objectname) %(*objectname)
> git remote --verbose
Warning: Failed to watch ref '/home/marcos/core/Entrega5_BBDD/.git/refs/remotes/origin/master', is most likely packed.
> git config --get commit.template
> git status -z -u
> git symbolic-ref --short HEAD
> git for-each-ref --format=%(refname)%00%(upstream:short)%00%(upstream:track)%00%(objectname) refs/heads/master refs/remotes/master
> git for-each-ref --sort -committerdate --format %(refname) %(objectname) %(*objectname)
> git remote --verbose
Warning: Failed to watch ref '/home/marcos/core/Entrega5_BBDD/.git/refs/remotes/origin/master', is most likely packed.
> git config --get commit.template
> git status -z -u
> git symbolic-ref --short HEAD
> git for-each-ref --format=%(refname)%00%(upstream:short)%00%(upstream:track)%00%(objectname) refs/heads/master refs/remotes/master
> git for-each-ref --sort -committerdate --format %(refname) %(objectname) %(*objectname)
> git remote --verbose
Warning: Failed to watch ref '/home/marcos/core/Entrega5_BBDD/.git/refs/remotes/origin/master', is most likely packed.
> git config --get commit.template
> git show --textconv :package.json
> git ls-files --stage -- /home/marcos/core/Entrega5_BBDD/package.json
> git cat-file -s be9803081a7724694eaa453911dcb9ba7977c990
> git status -z -u
> git symbolic-ref --short HEAD
> git for-each-ref --format=%(refname)%00%(upstream:short)%00%(upstream:track)%00%(objectname) refs/heads/master refs/remotes/master
> git for-each-ref --sort -committerdate --format %(refname) %(objectname) %(*objectname)
> git remote --verbose
Warning: Failed to watch ref '/home/marcos/core/Entrega5_BBDD/.git/refs/remotes/origin/master', is most likely packed.
> git config --get commit.template
> git check-ignore -v -z --stdin
> git show --textconv :cmds_score.js
> git ls-files --stage -- /home/marcos/core/Entrega5_BBDD/cmds_score.js
> git status -z -u
> git symbolic-ref --short HEAD
> git for-each-ref --format=%(refname)%00%(upstream:short)%00%(upstream:track)%00%(objectname) refs/heads/master refs/remotes/master
> git for-each-ref --sort -committerdate --format %(refname) %(objectname) %(*objectname)
> git remote --verbose
Warning: Failed to watch ref '/home/marcos/core/Entrega5_BBDD/.git/refs/remotes/origin/master', is most likely packed.
> git config --get commit.template
> git status -z -u
> git symbolic-ref --short HEAD
> git for-each-ref --format=%(refname)%00%(upstream:short)%00%(upstream:track)%00%(objectname) refs/heads/master refs/remotes/master
> git for-each-ref --sort -committerdate --format %(refname) %(objectname) %(*objectname)
> git remote --verbose
Warning: Failed to watch ref '/home/marcos/core/Entrega5_BBDD/.git/refs/remotes/origin/master', is most likely packed.
> git config --get commit.template
> git status -z -u
> git symbolic-ref --short HEAD
> git for-each-ref --format=%(refname)%00%(upstream:short)%00%(upstream:track)%00%(objectname) refs/heads/master refs/remotes/master
> git for-each-ref --sort -committerdate --format %(refname) %(objectname) %(*objectname)
> git remote --verbose
Warning: Failed to watch ref '/home/marcos/core/Entrega5_BBDD/.git/refs/remotes/origin/master', is most likely packed.
> git config --get commit.template
> git show --textconv :cmds_quiz.js
> git ls-files --stage -- /home/marcos/core/Entrega5_BBDD/cmds_quiz.js
> git cat-file -s df67e09fedee8972005c0ffe8248586718f65382
> git status -z -u
> git symbolic-ref --short HEAD
> git for-each-ref --format=%(refname)%00%(upstream:short)%00%(upstream:track)%00%(objectname) refs/heads/master refs/remotes/master
> git for-each-ref --sort -committerdate --format %(refname) %(objectname) %(*objectname)
> git remote --verbose
Warning: Failed to watch ref '/home/marcos/core/Entrega5_BBDD/.git/refs/remotes/origin/master', is most likely packed.
> git config --get commit.template
> git status -z -u
> git symbolic-ref --short HEAD
> git for-each-ref --format=%(refname)%00%(upstream:short)%00%(upstream:track)%00%(objectname) refs/heads/master refs/remotes/master
> git for-each-ref --sort -committerdate --format %(refname) %(objectname) %(*objectname)
> git remote --verbose
Warning: Failed to watch ref '/home/marcos/core/Entrega5_BBDD/.git/refs/remotes/origin/master', is most likely packed.
> git config --get commit.template
> git status -z -u
> git symbolic-ref --short HEAD
> git for-each-ref --format=%(refname)%00%(upstream:short)%00%(upstream:track)%00%(objectname) refs/heads/master refs/remotes/master
> git for-each-ref --sort -committerdate --format %(refname) %(objectname) %(*objectname)
> git remote --verbose
Warning: Failed to watch ref '/home/marcos/core/Entrega5_BBDD/.git/refs/remotes/origin/master', is most likely packed.
> git config --get commit.template
> git status -z -u
> git symbolic-ref --short HEAD
> git for-each-ref --format=%(refname)%00%(upstream:short)%00%(upstream:track)%00%(objectname) refs/heads/master refs/remotes/master
> git for-each-ref --sort -committerdate --format %(refname) %(objectname) %(*objectname)
> git remote --verbose
Warning: Failed to watch ref '/home/marcos/core/Entrega5_BBDD/.git/refs/remotes/origin/master', is most likely packed.
> git config --get commit.template
> git status -z -u
> git symbolic-ref --short HEAD
> git for-each-ref --format=%(refname)%00%(upstream:short)%00%(upstream:track)%00%(objectname) refs/heads/master refs/remotes/master
> git for-each-ref --sort -committerdate --format %(refname) %(objectname) %(*objectname)
> git remote --verbose
Warning: Failed to watch ref '/home/marcos/core/Entrega5_BBDD/.git/refs/remotes/origin/master', is most likely packed.
> git config --get commit.template
> git status -z -u
> git symbolic-ref --short HEAD
> git for-each-ref --format=%(refname)%00%(upstream:short)%00%(upstream:track)%00%(objectname) refs/heads/master refs/remotes/master
> git for-each-ref --sort -committerdate --format %(refname) %(objectname) %(*objectname)
> git remote --verbose
Warning: Failed to watch ref '/home/marcos/core/Entrega5_BBDD/.git/refs/remotes/origin/master', is most likely packed.
> git config --get commit.template
> git status -z -u
> git symbolic-ref --short HEAD
> git for-each-ref --format=%(refname)%00%(upstream:short)%00%(upstream:track)%00%(objectname) refs/heads/master refs/remotes/master
> git for-each-ref --sort -committerdate --format %(refname) %(objectname) %(*objectname)
> git remote --verbose
Warning: Failed to watch ref '/home/marcos/core/Entrega5_BBDD/.git/refs/remotes/origin/master', is most likely packed.
> git config --get commit.template
> git status -z -u
> git symbolic-ref --short HEAD
> git for-each-ref --format=%(refname)%00%(upstream:short)%00%(upstream:track)%00%(objectname) refs/heads/master refs/remotes/master
> git for-each-ref --sort -committerdate --format %(refname) %(objectname) %(*objectname)
> git remote --verbose
Warning: Failed to watch ref '/home/marcos/core/Entrega5_BBDD/.git/refs/remotes/origin/master', is most likely packed.
> git config --get commit.template
> git show --textconv :model.js
> git ls-files --stage -- /home/marcos/core/Entrega5_BBDD/model.js
> git cat-file -s b24ca46aac64174ada4ef79c10c373e6cdf37b90
> git status -z -u
> git symbolic-ref --short HEAD
> git for-each-ref --format=%(refname)%00%(upstream:short)%00%(upstream:track)%00%(objectname) refs/heads/master refs/remotes/master
> git for-each-ref --sort -committerdate --format %(refname) %(objectname) %(*objectname)
> git remote --verbose
Warning: Failed to watch ref '/home/marcos/core/Entrega5_BBDD/.git/refs/remotes/origin/master', is most likely packed.
> git config --get commit.template
> git status -z -u
> git symbolic-ref --short HEAD
> git for-each-ref --format=%(refname)%00%(upstream:short)%00%(upstream:track)%00%(objectname) refs/heads/master refs/remotes/master
> git for-each-ref --sort -committerdate --format %(refname) %(objectname) %(*objectname)
> git remote --verbose
Warning: Failed to watch ref '/home/marcos/core/Entrega5_BBDD/.git/refs/remotes/origin/master', is most likely packed.
> git config --get commit.template
> git status -z -u
> git symbolic-ref --short HEAD
> git for-each-ref --format=%(refname)%00%(upstream:short)%00%(upstream:track)%00%(objectname) refs/heads/master refs/remotes/master
> git for-each-ref --sort -committerdate --format %(refname) %(objectname) %(*objectname)
> git remote --verbose
Warning: Failed to watch ref '/home/marcos/core/Entrega5_BBDD/.git/refs/remotes/origin/master', is most likely packed.
> git config --get commit.template
> git show --textconv :main.js
> git ls-files --stage -- /home/marcos/core/Entrega5_BBDD/main.js
> git cat-file -s d8da73f790271a0a946f78f1341e33aefc5bc569
> git show --textconv :model.js
> git ls-files --stage -- /home/marcos/core/Entrega5_BBDD/model.js
> git cat-file -s b24ca46aac64174ada4ef79c10c373e6cdf37b90
> git status -z -u
> git symbolic-ref --short HEAD
> git for-each-ref --format=%(refname)%00%(upstream:short)%00%(upstream:track)%00%(objectname) refs/heads/master refs/remotes/master
> git for-each-ref --sort -committerdate --format %(refname) %(objectname) %(*objectname)
> git remote --verbose
Warning: Failed to watch ref '/home/marcos/core/Entrega5_BBDD/.git/refs/remotes/origin/master', is most likely packed.
> git config --get commit.template
> git show --textconv :cmds_quiz.js
> git ls-files --stage -- /home/marcos/core/Entrega5_BBDD/cmds_quiz.js
> git cat-file -s df67e09fedee8972005c0ffe8248586718f65382
> git show --textconv :main.js
> git ls-files --stage -- /home/marcos/core/Entrega5_BBDD/main.js
> git cat-file -s d8da73f790271a0a946f78f1341e33aefc5bc569
> git show --textconv :cmds_quiz.js
> git ls-files --stage -- /home/marcos/core/Entrega5_BBDD/cmds_quiz.js
> git cat-file -s df67e09fedee8972005c0ffe8248586718f65382
> git status -z -u
> git symbolic-ref --short HEAD
> git for-each-ref --format=%(refname)%00%(upstream:short)%00%(upstream:track)%00%(objectname) refs/heads/master refs/remotes/master
> git for-each-ref --sort -committerdate --format %(refname) %(objectname) %(*objectname)
> git remote --verbose
Warning: Failed to watch ref '/home/marcos/core/Entrega5_BBDD/.git/refs/remotes/origin/master', is most likely packed.
> git config --get commit.template
> git status -z -u
> git symbolic-ref --short HEAD
> git for-each-ref --format=%(refname)%00%(upstream:short)%00%(upstream:track)%00%(objectname) refs/heads/master refs/remotes/master
> git for-each-ref --sort -committerdate --format %(refname) %(objectname) %(*objectname)
> git remote --verbose
Warning: Failed to watch ref '/home/marcos/core/Entrega5_BBDD/.git/refs/remotes/origin/master', is most likely packed.
> git config --get commit.template
> git status -z -u
> git symbolic-ref --short HEAD
> git for-each-ref --format=%(refname)%00%(upstream:short)%00%(upstream:track)%00%(objectname) refs/heads/master refs/remotes/master
> git for-each-ref --sort -committerdate --format %(refname) %(objectname) %(*objectname)
> git remote --verbose
Warning: Failed to watch ref '/home/marcos/core/Entrega5_BBDD/.git/refs/remotes/origin/master', is most likely packed.
> git config --get commit.template
> git status -z -u
> git symbolic-ref --short HEAD
> git for-each-ref --format=%(refname)%00%(upstream:short)%00%(upstream:track)%00%(objectname) refs/heads/master refs/remotes/master
> git for-each-ref --sort -committerdate --format %(refname) %(objectname) %(*objectname)
> git remote --verbose
Warning: Failed to watch ref '/home/marcos/core/Entrega5_BBDD/.git/refs/remotes/origin/master', is most likely packed.
> git config --get commit.template
> git status -z -u
> git symbolic-ref --short HEAD
> git for-each-ref --format=%(refname)%00%(upstream:short)%00%(upstream:track)%00%(objectname) refs/heads/master refs/remotes/master
> git for-each-ref --sort -committerdate --format %(refname) %(objectname) %(*objectname)
> git remote --verbose
Warning: Failed to watch ref '/home/marcos/core/Entrega5_BBDD/.git/refs/remotes/origin/master', is most likely packed.
> git config --get commit.template
> git status -z -u
> git symbolic-ref --short HEAD
> git for-each-ref --format=%(refname)%00%(upstream:short)%00%(upstream:track)%00%(objectname) refs/heads/master refs/remotes/master
> git for-each-ref --sort -committerdate --format %(refname) %(objectname) %(*objectname)
> git remote --verbose
Warning: Failed to watch ref '/home/marcos/core/Entrega5_BBDD/.git/refs/remotes/origin/master', is most likely packed.
> git config --get commit.template
> git status -z -u
> git symbolic-ref --short HEAD
> git for-each-ref --format=%(refname)%00%(upstream:short)%00%(upstream:track)%00%(objectname) refs/heads/master refs/remotes/master
> git for-each-ref --sort -committerdate --format %(refname) %(objectname) %(*objectname)
> git remote --verbose
Warning: Failed to watch ref '/home/marcos/core/Entrega5_BBDD/.git/refs/remotes/origin/master', is most likely packed.
> git config --get commit.template
> git status -z -u
> git symbolic-ref --short HEAD
> git for-each-ref --format=%(refname)%00%(upstream:short)%00%(upstream:track)%00%(objectname) refs/heads/master refs/remotes/master
> git for-each-ref --sort -committerdate --format %(refname) %(objectname) %(*objectname)
> git remote --verbose
Warning: Failed to watch ref '/home/marcos/core/Entrega5_BBDD/.git/refs/remotes/origin/master', is most likely packed.
> git config --get commit.template
> git status -z -u
> git symbolic-ref --short HEAD
> git for-each-ref --format=%(refname)%00%(upstream:short)%00%(upstream:track)%00%(objectname) refs/heads/master refs/remotes/master
> git for-each-ref --sort -committerdate --format %(refname) %(objectname) %(*objectname)
> git remote --verbose
Warning: Failed to watch ref '/home/marcos/core/Entrega5_BBDD/.git/refs/remotes/origin/master', is most likely packed.
> git config --get commit.template
> git status -z -u
> git symbolic-ref --short HEAD
> git for-each-ref --format=%(refname)%00%(upstream:short)%00%(upstream:track)%00%(objectname) refs/heads/master refs/remotes/master
> git for-each-ref --sort -committerdate --format %(refname) %(objectname) %(*objectname)
> git remote --verbose
Warning: Failed to watch ref '/home/marcos/core/Entrega5_BBDD/.git/refs/remotes/origin/master', is most likely packed.
> git config --get commit.template
> git status -z -u
> git symbolic-ref --short HEAD
> git for-each-ref --format=%(refname)%00%(upstream:short)%00%(upstream:track)%00%(objectname) refs/heads/master refs/remotes/master
> git for-each-ref --sort -committerdate --format %(refname) %(objectname) %(*objectname)
> git remote --verbose
Warning: Failed to watch ref '/home/marcos/core/Entrega5_BBDD/.git/refs/remotes/origin/master', is most likely packed.
> git config --get commit.template
> git status -z -u
> git symbolic-ref --short HEAD
> git for-each-ref --format=%(refname)%00%(upstream:short)%00%(upstream:track)%00%(objectname) refs/heads/master refs/remotes/master
> git for-each-ref --sort -committerdate --format %(refname) %(objectname) %(*objectname)
> git remote --verbose
Warning: Failed to watch ref '/home/marcos/core/Entrega5_BBDD/.git/refs/remotes/origin/master', is most likely packed.
> git config --get commit.template
> git status -z -u
> git symbolic-ref --short HEAD
> git for-each-ref --format=%(refname)%00%(upstream:short)%00%(upstream:track)%00%(objectname) refs/heads/master refs/remotes/master
> git for-each-ref --sort -committerdate --format %(refname) %(objectname) %(*objectname)
> git remote --verbose
Warning: Failed to watch ref '/home/marcos/core/Entrega5_BBDD/.git/refs/remotes/origin/master', is most likely packed.
> git config --get commit.template
> git status -z -u
> git symbolic-ref --short HEAD
> git ls-files --stage -- /home/marcos/core/Entrega5_BBDD/cmds_user.js
> git ls-files --stage -- /home/marcos/core/Entrega5_BBDD/cmds_quiz.js
> git cat-file -s 31decf61e68f6b32958ec9a7fce7f68251561ad2
> git for-each-ref --format=%(refname)%00%(upstream:short)%00%(upstream:track)%00%(objectname) refs/heads/main refs/remotes/main
> git cat-file -s 3f0fec7eb2e2209ce81024c85a8bfe48554cf7c8
> git for-each-ref --sort -committerdate --format %(refname) %(objectname) %(*objectname)
> git remote --verbose
> git show --textconv :cmds_user.js
> git show --textconv :cmds_quiz.js
> git config --get commit.template
> git status -z -u
> git symbolic-ref --short HEAD
> git for-each-ref --format=%(refname)%00%(upstream:short)%00%(upstream:track)%00%(objectname) refs/heads/main refs/remotes/main
> git for-each-ref --sort -committerdate --format %(refname) %(objectname) %(*objectname)
> git remote --verbose
> git config --get commit.template
> git status -z -u
> git symbolic-ref --short HEAD
> git for-each-ref --format=%(refname)%00%(upstream:short)%00%(upstream:track)%00%(objectname) refs/heads/main refs/remotes/main
> git for-each-ref --sort -committerdate --format %(refname) %(objectname) %(*objectname)
> git remote --verbose
> git config --get commit.template
> git show --textconv :cmds_quiz.js
> git ls-files --stage -- /home/marcos/core/Entrega5_BBDD/cmds_quiz.js
> git cat-file -s 3f0fec7eb2e2209ce81024c85a8bfe48554cf7c8
> git show --textconv :cmds_quiz.js
> git ls-files --stage -- /home/marcos/core/Entrega5_BBDD/cmds_quiz.js
> git cat-file -s 3f0fec7eb2e2209ce81024c85a8bfe48554cf7c8
> git show --textconv :cmds_quiz.js
> git ls-files --stage -- /home/marcos/core/Entrega5_BBDD/cmds_quiz.js
> git cat-file -s 3f0fec7eb2e2209ce81024c85a8bfe48554cf7c8
> git show --textconv :cmds_quiz.js
> git ls-files --stage -- /home/marcos/core/Entrega5_BBDD/cmds_quiz.js
> git cat-file -s 3f0fec7eb2e2209ce81024c85a8bfe48554cf7c8
