Looking for git in: git
Using git 2.31.1 from git
> git rev-parse --git-dir
Open repository: /home/marcos/core/Entrega5_BBDD
> git status -z -u
> git symbolic-ref --short HEAD
> git for-each-ref --format=%(refname)%00%(upstream:short)%00%(upstream:track)%00%(objectname) refs/heads/master refs/remotes/master
> git for-each-ref --sort -committerdate --format %(refname) %(objectname) %(*objectname)
> git remote --verbose
Warning: Failed to watch ref '/home/marcos/core/Entrega5_BBDD/.git/refs/remotes/origin/master', is most likely packed.
> git config --get commit.template
> git check-ignore -v -z --stdin
> git check-ignore -v -z --stdin
> git status -z -u
> git symbolic-ref --short HEAD
> git for-each-ref --format=%(refname)%00%(upstream:short)%00%(upstream:track)%00%(objectname) refs/heads/master refs/remotes/master
> git for-each-ref --sort -committerdate --format %(refname) %(objectname) %(*objectname)
> git remote --verbose
Warning: Failed to watch ref '/home/marcos/core/Entrega5_BBDD/.git/refs/remotes/origin/master', is most likely packed.
> git config --get commit.template
> git show --textconv :package.json
> git ls-files --stage -- /home/marcos/core/Entrega5_BBDD/package.json
> git cat-file -s be9803081a7724694eaa453911dcb9ba7977c990
> git check-ignore -v -z --stdin
> git status -z -u
> git symbolic-ref --short HEAD
> git for-each-ref --format=%(refname)%00%(upstream:short)%00%(upstream:track)%00%(objectname) refs/heads/master refs/remotes/master
> git for-each-ref --sort -committerdate --format %(refname) %(objectname) %(*objectname)
> git remote --verbose
Warning: Failed to watch ref '/home/marcos/core/Entrega5_BBDD/.git/refs/remotes/origin/master', is most likely packed.
> git config --get commit.template
> git status -z -u
> git symbolic-ref --short HEAD
> git for-each-ref --format=%(refname)%00%(upstream:short)%00%(upstream:track)%00%(objectname) refs/heads/master refs/remotes/master
> git for-each-ref --sort -committerdate --format %(refname) %(objectname) %(*objectname)
> git remote --verbose
Warning: Failed to watch ref '/home/marcos/core/Entrega5_BBDD/.git/refs/remotes/origin/master', is most likely packed.
> git config --get commit.template
> git show --textconv :main.js
> git ls-files --stage -- /home/marcos/core/Entrega5_BBDD/main.js
> git cat-file -s d8da73f790271a0a946f78f1341e33aefc5bc569
> git show --textconv :cmds_favs.js
> git ls-files --stage -- /home/marcos/core/Entrega5_BBDD/cmds_favs.js
> git cat-file -s c63f0ef319838c1585362d0134379eafd2f9c33b
> git show --textconv :cmds_quiz.js
> git ls-files --stage -- /home/marcos/core/Entrega5_BBDD/cmds_quiz.js
> git cat-file -s 718de29a944b6060c265098c82525b072175258b
> git show --textconv :main.js
> git ls-files --stage -- /home/marcos/core/Entrega5_BBDD/main.js
> git cat-file -s d8da73f790271a0a946f78f1341e33aefc5bc569
> git show --textconv :cmds_quiz.js
> git ls-files --stage -- /home/marcos/core/Entrega5_BBDD/cmds_quiz.js
> git cat-file -s 718de29a944b6060c265098c82525b072175258b
> git show --textconv :main.js
> git ls-files --stage -- /home/marcos/core/Entrega5_BBDD/main.js
> git cat-file -s d8da73f790271a0a946f78f1341e33aefc5bc569
> git show --textconv :cmds_quiz.js
> git ls-files --stage -- /home/marcos/core/Entrega5_BBDD/cmds_quiz.js
> git cat-file -s 718de29a944b6060c265098c82525b072175258b
> git show --textconv :main.js
> git ls-files --stage -- /home/marcos/core/Entrega5_BBDD/main.js
> git cat-file -s d8da73f790271a0a946f78f1341e33aefc5bc569
> git show --textconv :cmds_quiz.js
> git ls-files --stage -- /home/marcos/core/Entrega5_BBDD/cmds_quiz.js
> git cat-file -s 718de29a944b6060c265098c82525b072175258b
> git show --textconv :cmds_quiz.js
> git ls-files --stage -- /home/marcos/core/Entrega5_BBDD/cmds_quiz.js
> git cat-file -s 718de29a944b6060c265098c82525b072175258b
