Looking for git in: git
Using git 2.31.1 from git
> git rev-parse --git-dir
Open repository: /home/marcos/core/Entrega5_BBDD
> git status -z -u
> git symbolic-ref --short HEAD
> git for-each-ref --format=%(refname)%00%(upstream:short)%00%(upstream:track)%00%(objectname) refs/heads/main refs/remotes/main
> git for-each-ref --sort -committerdate --format %(refname) %(objectname) %(*objectname)
> git remote --verbose
> git config --get commit.template
> git show --textconv :cmds_user.js
> git ls-files --stage -- /home/marcos/core/Entrega5_BBDD/cmds_user.js
> git cat-file -s 31decf61e68f6b32958ec9a7fce7f68251561ad2
> git check-ignore -v -z --stdin
> git status -z -u
> git symbolic-ref --short HEAD
> git for-each-ref --format=%(refname)%00%(upstream:short)%00%(upstream:track)%00%(objectname) refs/heads/main refs/remotes/main
> git for-each-ref --sort -committerdate --format %(refname) %(objectname) %(*objectname)
> git remote --verbose
> git config --get commit.template
